[probot.io/index.html]
[probot.io/cdn-cgi/apps/head/ZoCSy_a1gKpFx0AVgj1f_8AGaqY.js]
[probot.io/manifest.json]
[backblue.gif]
[fade.gif]
[index.html]
[probot.io/favicon.ico]
[www.google.com/recaptcha/api85f1.js]
[certify-js.alexametrics.com/atrk.js]
[certify.alexametrics.com/atrk5cf3.gif]
[probot.io/static/css/main.ac91f6d3.css]
[probot.io/index.html]
[ajax.cloudflare.com/cdn-cgi/scripts/7089c43e/cloudflare-static/rocket-loader.min.js]
[probot.io/static/gradient1.svg]
[probot.io/static/gradient2.svg]
[probot.io/static/gradient3.svg]
[probot.io/static/js/main.9458f396.js]
[probot.io/static/gradient4.svg]
[probot.io/static/media/sidebar5.9dd8bbb7.png]
[probot.io/static/css/main.ac91f6d3.css]
[probot.io/static/gradient1.svg]
[probot.io/static/gradient2.svg]
[probot.io/static/gradient3.svg]
[probot.io/static/gradient4.svg]
